2020-10-19 16:59:15.789 [http-nio-8888-exec-4] ERROR c.e.s.exceptionhandler.GlobalExceptionHandler - Failed to convert value of type 'java.lang.String' to required type 'int'; nested exception is java.lang.NumberFormatException: For input string: "${current}"
2020-10-19 17:00:23.550 [http-nio-8888-exec-7] ERROR c.e.s.exceptionhandler.GlobalExceptionHandler - Failed to convert value of type 'java.lang.String' to required type 'int'; nested exception is java.lang.NumberFormatException: For input string: "${current}"
2020-10-19 17:02:25.735 [http-nio-8888-exec-8] ERROR c.e.s.exceptionhandler.GlobalExceptionHandler - Failed to convert value of type 'java.lang.String' to required type 'int'; nested exception is java.lang.NumberFormatException: For input string: "${current}"
2020-10-19 17:02:29.055 [http-nio-8888-exec-1] ERROR c.e.s.exceptionhandler.GlobalExceptionHandler - Failed to convert value of type 'java.lang.String' to required type 'int'; nested exception is java.lang.NumberFormatException: For input string: "${current}"
2020-10-19 17:03:43.540 [http-nio-8888-exec-4] ERROR c.e.s.exceptionhandler.GlobalExceptionHandler - Failed to convert value of type 'java.lang.String' to required type 'int'; nested exception is java.lang.NumberFormatException: For input string: "${current}"
2020-10-19 17:05:10.753 [http-nio-8888-exec-7] ERROR c.e.s.exceptionhandler.GlobalExceptionHandler - Failed to convert value of type 'java.lang.String' to required type 'int'; nested exception is java.lang.NumberFormatException: For input string: "${current}"
2020-10-19 17:16:41.728 [http-nio-8888-exec-3] ERROR c.e.eduservice.controller.EduTeacherController - 分页查询失败
java.lang.NullPointerException: null
	at com.education.eduservice.service.impl.EduTeacherServiceImpl.pageTeacherByCondition(EduTeacherServiceImpl.java:33)
	at com.education.eduservice.service.impl.EduTeacherServiceImpl$$FastClassBySpringCGLIB$$ba12bdd0.invoke(<generated>)
	at org.springframework.cglib.proxy.MethodProxy.invoke(MethodProxy.java:218)
	at org.springframework.aop.framework.CglibAopProxy$DynamicAdvisedInterceptor.intercept(CglibAopProxy.java:685)
	at com.education.eduservice.service.impl.EduTeacherServiceImpl$$EnhancerBySpringCGLIB$$967dc711.pageTeacherByCondition(<generated>)
	at com.education.eduservice.controller.EduTeacherController.pageTeacherByCondition(EduTeacherController.java:108)
	at sun.reflect.NativeMethodAccessorImpl.invoke0(Native Method)
	at sun.reflect.NativeMethodAccessorImpl.invoke(NativeMethodAccessorImpl.java:62)
	at sun.reflect.DelegatingMethodAccessorImpl.invoke(DelegatingMethodAccessorImpl.java:43)
	at java.lang.reflect.Method.invoke(Method.java:498)
	at org.springframework.web.method.support.InvocableHandlerMethod.doInvoke(InvocableHandlerMethod.java:190)
	at org.springframework.web.method.support.InvocableHandlerMethod.invokeForRequest(InvocableHandlerMethod.java:138)
	at org.springframework.web.servlet.mvc.method.annotation.ServletInvocableHandlerMethod.invokeAndHandle(ServletInvocableHandlerMethod.java:106)
	at org.springframework.web.servlet.mvc.method.annotation.RequestMappingHandlerAdapter.invokeHandlerMethod(RequestMappingHandlerAdapter.java:888)
	at org.springframework.web.servlet.mvc.method.annotation.RequestMappingHandlerAdapter.handleInternal(RequestMappingHandlerAdapter.java:793)
	at org.springframework.web.servlet.mvc.method.AbstractHandlerMethodAdapter.handle(AbstractHandlerMethodAdapter.java:87)
	at org.springframework.web.servlet.DispatcherServlet.doDispatch(DispatcherServlet.java:1040)
	at org.springframework.web.servlet.DispatcherServlet.doService(DispatcherServlet.java:943)
	at org.springframework.web.servlet.FrameworkServlet.processRequest(FrameworkServlet.java:1006)
	at org.springframework.web.servlet.FrameworkServlet.doOptions(FrameworkServlet.java:945)
	at javax.servlet.http.HttpServlet.service(HttpServlet.java:669)
	at org.springframework.web.servlet.FrameworkServlet.service(FrameworkServlet.java:883)
	at javax.servlet.http.HttpServlet.service(HttpServlet.java:741)
	at org.apache.catalina.core.ApplicationFilterChain.internalDoFilter(ApplicationFilterChain.java:231)
	at org.apache.catalina.core.ApplicationFilterChain.doFilter(ApplicationFilterChain.java:166)
	at org.apache.tomcat.websocket.server.WsFilter.doFilter(WsFilter.java:53)
	at org.apache.catalina.core.ApplicationFilterChain.internalDoFilter(ApplicationFilterChain.java:193)
	at org.apache.catalina.core.ApplicationFilterChain.doFilter(ApplicationFilterChain.java:166)
	at org.springframework.web.filter.RequestContextFilter.doFilterInternal(RequestContextFilter.java:100)
	at org.springframework.web.filter.OncePerRequestFilter.doFilter(OncePerRequestFilter.java:119)
	at org.apache.catalina.core.ApplicationFilterChain.internalDoFilter(ApplicationFilterChain.java:193)
	at org.apache.catalina.core.ApplicationFilterChain.doFilter(ApplicationFilterChain.java:166)
	at org.springframework.web.filter.FormContentFilter.doFilterInternal(FormContentFilter.java:93)
	at org.springframework.web.filter.OncePerRequestFilter.doFilter(OncePerRequestFilter.java:119)
	at org.apache.catalina.core.ApplicationFilterChain.internalDoFilter(ApplicationFilterChain.java:193)
	at org.apache.catalina.core.ApplicationFilterChain.doFilter(ApplicationFilterChain.java:166)
	at org.springframework.web.filter.CharacterEncodingFilter.doFilterInternal(CharacterEncodingFilter.java:201)
	at org.springframework.web.filter.OncePerRequestFilter.doFilter(OncePerRequestFilter.java:119)
	at org.apache.catalina.core.ApplicationFilterChain.internalDoFilter(ApplicationFilterChain.java:193)
	at org.apache.catalina.core.ApplicationFilterChain.doFilter(ApplicationFilterChain.java:166)
	at org.apache.catalina.core.StandardWrapperValve.invoke(StandardWrapperValve.java:202)
	at org.apache.catalina.core.StandardContextValve.invoke(StandardContextValve.java:96)
	at org.apache.catalina.authenticator.AuthenticatorBase.invoke(AuthenticatorBase.java:526)
	at org.apache.catalina.core.StandardHostValve.invoke(StandardHostValve.java:139)
	at org.apache.catalina.valves.ErrorReportValve.invoke(ErrorReportValve.java:92)
	at org.apache.catalina.core.StandardEngineValve.invoke(StandardEngineValve.java:74)
	at org.apache.catalina.connector.CoyoteAdapter.service(CoyoteAdapter.java:343)
	at org.apache.coyote.http11.Http11Processor.service(Http11Processor.java:408)
	at org.apache.coyote.AbstractProcessorLight.process(AbstractProcessorLight.java:66)
	at org.apache.coyote.AbstractProtocol$ConnectionHandler.process(AbstractProtocol.java:861)
	at org.apache.tomcat.util.net.NioEndpoint$SocketProcessor.doRun(NioEndpoint.java:1579)
	at org.apache.tomcat.util.net.SocketProcessorBase.run(SocketProcessorBase.java:49)
	at java.util.concurrent.ThreadPoolExecutor.runWorker(ThreadPoolExecutor.java:1149)
	at java.util.concurrent.ThreadPoolExecutor$Worker.run(ThreadPoolExecutor.java:624)
	at org.apache.tomcat.util.threads.TaskThread$WrappingRunnable.run(TaskThread.java:61)
	at java.lang.Thread.run(Thread.java:748)
2020-10-19 17:46:47.098 [http-nio-8888-exec-3] ERROR c.e.s.exceptionhandler.GlobalExceptionHandler - JSON parse error: Cannot deserialize instance of `com.education.eduservice.vo.TeacherVo` out of START_ARRAY token; nested exception is com.fasterxml.jackson.databind.exc.MismatchedInputException: Cannot deserialize instance of `com.education.eduservice.vo.TeacherVo` out of START_ARRAY token
 at [Source: (PushbackInputStream); line: 1, column: 1]
2020-10-19 17:46:53.023 [http-nio-8888-exec-4] ERROR c.e.s.exceptionhandler.GlobalExceptionHandler - JSON parse error: Cannot deserialize instance of `com.education.eduservice.vo.TeacherVo` out of START_ARRAY token; nested exception is com.fasterxml.jackson.databind.exc.MismatchedInputException: Cannot deserialize instance of `com.education.eduservice.vo.TeacherVo` out of START_ARRAY token
 at [Source: (PushbackInputStream); line: 1, column: 1]
2020-10-19 17:50:40.895 [http-nio-8888-exec-8] ERROR c.e.s.exceptionhandler.GlobalExceptionHandler - Content type 'application/x-www-form-urlencoded;charset=UTF-8' not supported
2020-10-19 17:50:44.337 [http-nio-8888-exec-10] ERROR c.e.s.exceptionhandler.GlobalExceptionHandler - Content type 'application/x-www-form-urlencoded;charset=UTF-8' not supported
2020-10-19 17:51:31.340 [http-nio-8888-exec-2] ERROR c.e.s.exceptionhandler.GlobalExceptionHandler - Content type 'application/x-www-form-urlencoded;charset=UTF-8' not supported
2020-10-19 17:52:20.879 [http-nio-8888-exec-5] ERROR c.e.s.exceptionhandler.GlobalExceptionHandler - Content type 'application/x-www-form-urlencoded;charset=UTF-8' not supported
2020-10-19 17:54:12.934 [http-nio-8888-exec-7] ERROR c.e.s.exceptionhandler.GlobalExceptionHandler - Content type 'application/x-www-form-urlencoded;charset=UTF-8' not supported
2020-10-19 17:54:17.374 [http-nio-8888-exec-9] ERROR c.e.s.exceptionhandler.GlobalExceptionHandler - Content type 'application/x-www-form-urlencoded;charset=UTF-8' not supported
2020-10-19 22:00:24.568 [http-nio-8888-exec-3] ERROR c.e.s.exceptionhandler.GlobalExceptionHandler - Failed to convert value of type 'java.lang.String' to required type 'int'; nested exception is java.lang.NumberFormatException: For input string: "undefined"
2020-10-19 22:00:29.693 [http-nio-8888-exec-6] ERROR c.e.s.exceptionhandler.GlobalExceptionHandler - Failed to convert value of type 'java.lang.String' to required type 'int'; nested exception is java.lang.NumberFormatException: For input string: "undefined"
