2020-10-22 09:13:07.523 [main] INFO  com.education.eduservice.eduApplication - Starting eduApplication on DESKTOP-L02PHP9 with PID 1528 (D:\workspace\education-parent\service\service-edu\target\classes started by 许松林 in D:\workspace\education-parent)
2020-10-22 09:13:07.532 [main] INFO  com.education.eduservice.eduApplication - The following profiles are active: dev
2020-10-22 09:13:09.070 [main] INFO  o.s.c.s.PostProcessorRegistrationDelegate$BeanPostProcessorChecker - Bean 'org.springframework.transaction.annotation.ProxyTransactionManagementConfiguration' of type [org.springframework.transaction.annotation.ProxyTransactionManagementConfiguration] is not eligible for getting processed by all BeanPostProcessors (for example: not eligible for auto-proxying)
2020-10-22 09:13:09.377 [main] INFO  o.s.boot.web.embedded.tomcat.TomcatWebServer - Tomcat initialized with port(s): 8888 (http)
2020-10-22 09:13:09.392 [main] INFO  org.apache.coyote.http11.Http11NioProtocol - Initializing ProtocolHandler ["http-nio-8888"]
2020-10-22 09:13:09.393 [main] INFO  org.apache.catalina.core.StandardService - Starting service [Tomcat]
2020-10-22 09:13:09.394 [main] INFO  org.apache.catalina.core.StandardEngine - Starting Servlet engine: [Apache Tomcat/9.0.27]
2020-10-22 09:13:09.504 [main] INFO  o.a.c.core.ContainerBase.[Tomcat].[localhost].[/] - Initializing Spring embedded WebApplicationContext
2020-10-22 09:13:09.505 [main] INFO  org.springframework.web.context.ContextLoader - Root WebApplicationContext: initialization completed in 1908 ms
2020-10-22 09:13:09.774 [main] INFO  com.zaxxer.hikari.HikariDataSource - HikariPool-1 - Starting...
2020-10-22 09:13:09.912 [main] INFO  com.zaxxer.hikari.HikariDataSource - HikariPool-1 - Start completed.
2020-10-22 09:13:10.642 [main] INFO  s.d.s.w.PropertySourcedRequestMappingHandlerMapping - Mapped URL path [/v2/api-docs] onto method [springfox.documentation.swagger2.web.Swagger2Controller#getDocumentation(String, HttpServletRequest)]
2020-10-22 09:13:10.740 [main] INFO  o.s.scheduling.concurrent.ThreadPoolTaskExecutor - Initializing ExecutorService 'applicationTaskExecutor'
2020-10-22 09:13:10.991 [main] INFO  s.d.s.web.plugins.DocumentationPluginsBootstrapper - Context refreshed
2020-10-22 09:13:11.008 [main] INFO  s.d.s.web.plugins.DocumentationPluginsBootstrapper - Found 1 custom documentation plugin(s)
2020-10-22 09:13:11.043 [main] INFO  s.d.spring.web.scanners.ApiListingReferenceScanner - Scanning for api listing references
2020-10-22 09:13:11.263 [main] INFO  org.apache.coyote.http11.Http11NioProtocol - Starting ProtocolHandler ["http-nio-8888"]
2020-10-22 09:13:11.290 [main] INFO  o.s.boot.web.embedded.tomcat.TomcatWebServer - Tomcat started on port(s): 8888 (http) with context path ''
2020-10-22 09:13:11.294 [main] INFO  com.education.eduservice.eduApplication - Started eduApplication in 4.597 seconds (JVM running for 7.573)
2020-10-22 09:13:28.203 [http-nio-8888-exec-1] INFO  o.a.c.core.ContainerBase.[Tomcat].[localhost].[/] - Initializing Spring DispatcherServlet 'dispatcherServlet'
2020-10-22 09:13:28.204 [http-nio-8888-exec-1] INFO  org.springframework.web.servlet.DispatcherServlet - Initializing Servlet 'dispatcherServlet'
2020-10-22 09:13:28.217 [http-nio-8888-exec-1] INFO  org.springframework.web.servlet.DispatcherServlet - Completed initialization in 13 ms
2020-10-22 09:53:24.909 [SpringContextShutdownHook] INFO  o.s.scheduling.concurrent.ThreadPoolTaskExecutor - Shutting down ExecutorService 'applicationTaskExecutor'
2020-10-22 09:53:24.914 [SpringContextShutdownHook] INFO  com.zaxxer.hikari.HikariDataSource - HikariPool-1 - Shutdown initiated...
2020-10-22 09:53:24.925 [SpringContextShutdownHook] INFO  com.zaxxer.hikari.HikariDataSource - HikariPool-1 - Shutdown completed.
2020-10-22 09:53:30.721 [main] INFO  com.education.eduservice.eduApplication - Starting eduApplication on DESKTOP-L02PHP9 with PID 13432 (D:\workspace\education-parent\service\service-edu\target\classes started by 许松林 in D:\workspace\education-parent)
2020-10-22 09:53:30.728 [main] INFO  com.education.eduservice.eduApplication - The following profiles are active: dev
2020-10-22 09:53:32.037 [main] INFO  o.s.c.s.PostProcessorRegistrationDelegate$BeanPostProcessorChecker - Bean 'org.springframework.transaction.annotation.ProxyTransactionManagementConfiguration' of type [org.springframework.transaction.annotation.ProxyTransactionManagementConfiguration] is not eligible for getting processed by all BeanPostProcessors (for example: not eligible for auto-proxying)
2020-10-22 09:53:32.278 [main] INFO  o.s.boot.web.embedded.tomcat.TomcatWebServer - Tomcat initialized with port(s): 8888 (http)
2020-10-22 09:53:32.291 [main] INFO  org.apache.coyote.http11.Http11NioProtocol - Initializing ProtocolHandler ["http-nio-8888"]
2020-10-22 09:53:32.292 [main] INFO  org.apache.catalina.core.StandardService - Starting service [Tomcat]
2020-10-22 09:53:32.292 [main] INFO  org.apache.catalina.core.StandardEngine - Starting Servlet engine: [Apache Tomcat/9.0.27]
2020-10-22 09:53:32.391 [main] INFO  o.a.c.core.ContainerBase.[Tomcat].[localhost].[/] - Initializing Spring embedded WebApplicationContext
2020-10-22 09:53:32.391 [main] INFO  org.springframework.web.context.ContextLoader - Root WebApplicationContext: initialization completed in 1555 ms
2020-10-22 09:53:32.591 [main] INFO  com.zaxxer.hikari.HikariDataSource - HikariPool-1 - Starting...
2020-10-22 09:53:32.703 [main] INFO  com.zaxxer.hikari.HikariDataSource - HikariPool-1 - Start completed.
2020-10-22 09:53:33.265 [main] INFO  s.d.s.w.PropertySourcedRequestMappingHandlerMapping - Mapped URL path [/v2/api-docs] onto method [springfox.documentation.swagger2.web.Swagger2Controller#getDocumentation(String, HttpServletRequest)]
2020-10-22 09:53:33.360 [main] INFO  o.s.scheduling.concurrent.ThreadPoolTaskExecutor - Initializing ExecutorService 'applicationTaskExecutor'
2020-10-22 09:53:33.574 [main] INFO  s.d.s.web.plugins.DocumentationPluginsBootstrapper - Context refreshed
2020-10-22 09:53:33.591 [main] INFO  s.d.s.web.plugins.DocumentationPluginsBootstrapper - Found 1 custom documentation plugin(s)
2020-10-22 09:53:33.629 [main] INFO  s.d.spring.web.scanners.ApiListingReferenceScanner - Scanning for api listing references
2020-10-22 09:53:33.846 [main] INFO  org.apache.coyote.http11.Http11NioProtocol - Starting ProtocolHandler ["http-nio-8888"]
2020-10-22 09:53:33.873 [main] INFO  o.s.boot.web.embedded.tomcat.TomcatWebServer - Tomcat started on port(s): 8888 (http) with context path ''
2020-10-22 09:53:33.877 [main] INFO  com.education.eduservice.eduApplication - Started eduApplication in 4.246 seconds (JVM running for 5.586)
2020-10-22 10:03:25.056 [http-nio-8888-exec-1] INFO  o.a.c.core.ContainerBase.[Tomcat].[localhost].[/] - Initializing Spring DispatcherServlet 'dispatcherServlet'
2020-10-22 10:03:25.058 [http-nio-8888-exec-1] INFO  org.springframework.web.servlet.DispatcherServlet - Initializing Servlet 'dispatcherServlet'
2020-10-22 10:03:25.067 [http-nio-8888-exec-1] INFO  org.springframework.web.servlet.DispatcherServlet - Completed initialization in 9 ms
2020-10-22 17:03:31.334 [SpringContextShutdownHook] INFO  o.s.scheduling.concurrent.ThreadPoolTaskExecutor - Shutting down ExecutorService 'applicationTaskExecutor'
2020-10-22 17:03:31.353 [SpringContextShutdownHook] INFO  com.zaxxer.hikari.HikariDataSource - HikariPool-1 - Shutdown initiated...
2020-10-22 17:03:31.382 [SpringContextShutdownHook] INFO  com.zaxxer.hikari.HikariDataSource - HikariPool-1 - Shutdown completed.
